Arguments: 
  /usr/local/bin/node /usr/local/bin/yarn add eslint

PATH: 
  /Users/mike/Library/Android/sdk/tools:/Users/mike/Library/Android/sdk/platform-tools:/usr/local/bin:/usr/bin:/bin:/usr/sbin:/sbin:/Applications/MAMP/Library/bin:/usr/local/go/bin:/usr/local/aria2/bin:/usr/local/share/dotnet:/Library/Apple/usr/bin:/Users/mike/Documents/cli_exec_scripts:/Library/Frameworks/Mono.framework/Versions/Current/Commands:/Users/mike/Library/Android/sdk/tools:/Users/mike/Library/Android/sdk/platform-tools

Yarn version: 
  1.22.4

Node version: 
  12.16.1

Platform: 
  darwin x64

Trace: 
  Error: connect ECONNREFUSED 127.0.0.1:4873
      at TCPConnectWrap.afterConnect [as oncomplete] (net.js:1137:16)

npm manifest: 
  {
    "name": "sleepy",
    "version": "1.1.0",
    "bin": "bin/index.js",
    "license": "MIT",
    "scripts": {
      "start": "node bin/index.js",
      "push": "npm version patch && git push",
      "push-minor": "npm version minor && git push",
      "push-major": "npm version major && git push"
    },
    "dependencies": {
      "osx-volume": "0.0.1"
    }
  }

yarn manifest: 
  No manifest

Lockfile: 
  # THIS IS AN AUTOGENERATED FILE. DO NOT EDIT THIS FILE DIRECTLY.
  # yarn lockfile v1
  
  
  osx-volume@0.0.1:
    version "0.0.1"
    resolved "http://localhost:4873/osx-volume/-/osx-volume-0.0.1.tgz#6cdcafe0ffb80c6da86804417b9666d4909a1d7e"
    integrity sha1-bNyv4P+4DG2oaARBe5Zm1JCaHX4=
